[0;36m7 Feb 01:54:03[0m [0;32mlog[0m [0;37mready[0m
[0;36m7 Feb 01:54:08[0m [0;36mLog[0m [90mundefined[39m
[0;36m7 Feb 01:55:10[0m [0;32mlog[0m [0;37mready[0m
[0;36m7 Feb 01:55:14[0m [0;36mLog[0m 
                { page: [34m1[39m,
                  pages: [34m237[39m,
                  perpage: [34m100[39m,
                  total: [32m'23648'[39m,
                  photo: 
                   [ { id: [32m'5421507135'[39m,
                       owner: [32m'40541665@N00'[39m,
                       secret: [32m'824ec9dacb'[39m,
                       server: [32m'5137'[39m,
                       farm: [34m6[39m,
                       title: [32m'Take it from the top'[39m,
                       ispublic: [34m1[39m,
                       isfriend: [34m0[39m,
                       isfamily: [34m0[39m },
                     { id: [32m'5421816016'[39m,
                       owner: [32m'33553539@N05'[39m,
                       secret: [32m'31b66374f3'[39m,
                       server: [32m'5260'[39m,
                       farm: [34m6[39m,
                       title: [32m'Swamp Thing'[39m,
                       ispublic: [34m1[39m,
                       isfriend: [34m0[39m,
                       isfamily: [34m0[39m },
                     { id: [32m'5421801140'[39m,
                       owner: [32m'33553539@N05'[39m,
                       secret: [32m'15a1d33d34'[39m,
                       server: [32m'5299'[39m,
                       farm: [34m6[39m,
                       title: [32m'Peek-A-Boo!'[39m,
                       ispublic: [34m1[39m,
                       isfriend: [34m0[39m,
                       isfamily: [34m0[39m },
                     { id: [32m'5421192057'[39m,
                       owner: [32m'33553539@N05'[39m,
                       secret: [32m'd5d71c6bfc'[39m,
                       server: [32m'5178'[39m,
                       farm: [34m6[39m,
                       title: [32m'Spring Is Sprung'[39m,
                       ispublic: [34m1[39m,
                       isfriend: [34m0[39m,
                       isfamily: [34m0[39m },
                     { id: [32m'5421200451'[39m,
                       owner: [32m'33553539@N05'[39m,
                       secret: [32m'e6e1d2277e'[39m,
                       server: [32m'5258'[39m,
                       farm: [34m6[39m,
                       title: [32m'Generation X'[39m,
                       ispublic: [34m1[39m,
                       isfriend: [34m0[39m,
                       isfamily: [34m0[39m },
                     { id: [32m'5421203987'[39m,
                       owner: [32m'33553539@N05'[39m,
                       secret: [32m'fca193f826'[39m,
                       server: [32m'5299'[39m,
                       farm: [34m6[39m,
                       title: [32m'Prop Forward'[39m,
                       ispublic: [34m1[39m,
                       isfriend: [34m0[39m,
                       isfamily: [34m0[39m },
                     { id: [32m'5421507878'[39m,
                       owner: [32m'24018267@N00'[39m,
                       secret: [32m'285efc78e9'[39m,
                       server: [32m'5294'[39m,
                       farm: [34m6[39m,
                       title: [32m'Scaredy Cat'[39m,
                       ispublic: [34m1[39m,
                       isfriend: [34m0[39m,
                       isfamily: [34m0[39m },
                     { id: [32m'5421348038'[39m,
                       owner: [32m'45999077@N02'[39m,
                       secret: [32m'ae761c63f8'[39m,
                       server: [32m'5258'[39m,
                       farm: [34m6[39m,
                       title: [32m'American Badger in Snow'[39m,
                       ispublic: [34m1[39m,
                       isfriend: [34m0[39m,
                       isfamily: [34m0[39m },
                     { id: [32m'5420743223'[39m,
                       owner: [32m'45999077@N02'[39m,
                       secret: [32m'28c077c9db'[39m,
                       server: [32m'5015'[39m,
                       farm: [34m6[39m,
                       title: [32m'American Badger in Snow'[39m,
                       ispublic: [34m1[39m,
                       isfriend: [34m0[39m,
                       isfamily: [34m0[39m },
                     { id: [32m'5420741547'[39m,
                       owner: [32m'45999077@N02'[39m,
                       secret: [32m'39d078afe7'[39m,
                       server: [32m'5133'[39m,
                       farm: [34m6[39m,
                       title: [32m'American Badger in Snow'[39m,
                       ispublic: [34m1[39m,
                       isfriend: [34m0[39m,
                       isfamily: [34m0[39m },
                     { id: [32m'5420742545'[39m,
                       owner: [32m'45999077@N02'[39m,
                       secret: [32m'f578165c45'[39m,
                       server: [32m'5172'[39m,
                       farm: [34m6[39m,
                       title: [32m'American Badger in Snow'[39m,
                       ispublic: [34m1[39m,
                       isfriend: [34m0[39m,
                       isfamily: [34m0[39m },
                     { id: [32m'5420272872'[39m,
                       owner: [32m'53346801@N04'[39m,
                       secret: [32m'dec3fcdb64'[39m,
                       server: [32m'5176'[39m,
                       farm: [34m6[39m,
                       title: [32m'164/365'[39m,
                       ispublic: [34m1[39m,
                       isfriend: [34m0[39m,
                       isfamily: [34m0[39m },
                     { id: [32m'5419555321'[39m,
                       owner: [32m'67269242@N00'[39m,
                       secret: [32m'a63664998b'[39m,
                       server: [32m'5260'[39m,
                       farm: [34m6[39m,
                       title: [32m'IMG_3014'[39m,
                       ispublic: [34m1[39m,
                       isfriend: [34m0[39m,
                       isfamily: [34m0[39m },
                     { id: [32m'5419554753'[39m,
                       owner: [32m'67269242@N00'[39m,
                       secret: [32m'05d5dda3ff'[39m,
                       server: [32m'5095'[39m,
                       farm: [34m6[39m,
                       title: [32m'IMG_3013'[39m,
                       ispublic: [34m1[39m,
                       isfriend: [34m0[39m,
                       isfamily: [34m0[39m },
                     { id: [32m'5419237321'[39m,
                       owner: [32m'34292231@N06'[39m,
                       secret: [32m'b9fd6f0477'[39m,
                       server: [32m'5095'[39m,
                       farm: [34m6[39m,
                       title: [32m'Badger.  Not Badgering.'[39m,
                       ispublic: [34m1[39m,
                       isfriend: [34m0[39m,
                       isfamily: [34m0[39m },
                     { id: [32m'5419208915'[39m,
                       owner: [32m'32102712@N07'[39m,
                       secret: [32m'3a7585ec0a'[39m,
                       server: [32m'5100'[39m,
                       farm: [34m6[39m,
                       title: [32m'Tasso'[39m,
                       ispublic: [34m1[39m,
                       isfriend: [34m0[39m,
                       isfamily: [34m0[39m },
                     { id: [32m'5419217154'[39m,
                       owner: [32m'16105638@N00'[39m,
                       secret: [32m'1f02953b8e'[39m,
                       server: [32m'5254'[39m,
                       farm: [34m6[39m,
                       title: [32m'He had a beard bushy enough to hide a badger in!'[39m,
                       ispublic: [34m1[39m,
                       isfriend: [34m0[39m,
                       isfamily: [34m0[39m },
                     { id: [32m'5418071579'[39m,
                       owner: [32m'29350694@N07'[39m,
                       secret: [32m'4c7a2b6919'[39m,
                       server: [32m'5096'[39m,
                       farm: [34m6[39m,
                       title: [32m'Dachs-Buttons'[39m,
                       ispublic: [34m1[39m,
                       isfriend: [34m0[39m,
                       isfamily: [34m0[39m },
                     { id: [32m'5416052589'[39m,
                       owner: [32m'42293105@N05'[39m,
                       secret: [32m'0561ab5fa5'[39m,
                       server: [32m'4138'[39m,
                       farm: [34m5[39m,
                       title: [32m'Mrs Brock'[39m,
                       ispublic: [34m1[39m,
                       isfriend: [34m0[39m,
                       isfamily: [34m0[39m },
                     { id: [32m'5416325604'[39m,
                       owner: [32m'8385084@N02'[39m,
                       secret: [32m'a04a1f0a32'[39m,
                       server: [32m'5251'[39m,
                       farm: [34m6[39m,
                       title: [32m'One in the hole'[39m,
                       ispublic: [34m1[39m,
                       isfriend: [34m0[39m,
                       isfamily: [34m0[39m },
                     { id: [32m'5416098860'[39m,
                       owner: [32m'23444499@N06'[39m,
                       secret: [32m'ac773efaea'[39m,
                       server: [32m'5096'[39m,
                       farm: [34m6[39m,
                       title: [32m'Badgers'[39m,
                       ispublic: [34m1[39m,
                       isfriend: [34m0[39m,
                       isfamily: [34m0[39m },
                     { id: [32m'5414930877'[39m,
                       owner: [32m'35579160@N07'[39m,
                       secret: [32m'ff5005e741'[39m,
                       server: [32m'5132'[39m,
                       farm: [34m6[39m,
                       title: [32m'Dear Prudence Cards'[39m,
                       ispublic: [34m1[39m,
                       isfriend: [34m0[39m,
                       isfamily: [34m0[39m },
                     { id: [32m'5414647847'[39m,
                       owner: [32m'16099490@N00'[39m,
                       secret: [32m'4274c03099'[39m,
                       server: [32m'5132'[39m,
                       farm: [34m6[39m,
                       title: [32m'Michigan, July 2010'[39m,
                       ispublic: [34m1[39m,
                       isfriend: [34m0[39m,
                       isfamily: [34m0[39m },
                     { id: [32m'5414646463'[39m,
                       owner: [32m'16099490@N00'[39m,
                       secret: [32m'020f356aee'[39m,
                       server: [32m'4138'[39m,
                       farm: [34m5[39m,
                       title: [32m'Michigan, July 2010'[39m,
                       ispublic: [34m1[39m,
                       isfriend: [34m0[39m,
                       isfamily: [34m0[39m },
                     { id: [32m'5414328511'[39m,
                       owner: [32m'66675293@N00'[39m,
                       secret: [32m'b9a829da71'[39m,
                       server: [32m'4122'[39m,
                       farm: [34m5[39m,
                       title: [32m'Badger...Dog'[39m,
                       ispublic: [34m1[39m,
                       isfriend: [34m0[39m,
                       isfamily: [34m0[39m },
                     { id: [32m'5414842466'[39m,
                       owner: [32m'50958844@N02'[39m,
                       secret: [32m'018c6d734c'[39m,
                       server: [32m'4154'[39m,
                       farm: [34m5[39m,
                       title: [32m''[39m,
                       ispublic: [34m1[39m,
                       isfriend: [34m0[39m,
                       isfamily: [34m0[39m },
                     { id: [32m'5414229053'[39m,
                       owner: [32m'50958844@N02'[39m,
                       secret: [32m'090cb6f0fa'[39m,
                       server: [32m'5137'[39m,
                       farm: [34m6[39m,
                       title: [32m''[39m,
                       ispublic: [34m1[39m,
                       isfriend: [34m0[39m,
                       isfamily: [34m0[39m },
                     { id: [32m'5414227769'[39m,
                       owner: [32m'50958844@N02'[39m,
                       secret: [32m'32b0fe3329'[39m,
                       server: [32m'5139'[39m,
                       farm: [34m6[39m,
                       title: [32m''[39m,
                       ispublic: [34m1[39m,
                       isfriend: [34m0[39m,
                       isfamily: [34m0[39m },
                     { id: [32m'5414219583'[39m,
                       owner: [32m'50958844@N02'[39m,
                       secret: [32m'b3ae788b3d'[39m,
                       server: [32m'5060'[39m,
                       farm: [34m6[39m,
                       title: [32m''[39m,
                       ispublic: [34m1[39m,
                       isfriend: [34m0[39m,
                       isfamily: [34m0[39m },
                     { id: [32m'5414834978'[39m,
                       owner: [32m'50958844@N02'[39m,
                       secret: [32m'fde28d12d9'[39m,
                       server: [32m'5016'[39m,
                       farm: [34m6[39m,
                       title: [32m''[39m,
                       ispublic: [34m1[39m,
                       isfriend: [34m0[39m,
                       isfamily: [34m0[39m },
                     { id: [32m'5414210739'[39m,
                       owner: [32m'50958844@N02'[39m,
                       secret: [32m'7ce051e04d'[39m,
                       server: [32m'4094'[39m,
                       farm: [34m5[39m,
                       title: [32m''[39m,
                       ispublic: [34m1[39m,
                       isfriend: [34m0[39m,
                       isfamily: [34m0[39m },
                     { id: [32m'5414214773'[39m,
                       owner: [32m'50958844@N02'[39m,
                       secret: [32m'138f352952'[39m,
                       server: [32m'5297'[39m,
                       farm: [34m6[39m,
                       title: [32m''[39m,
                       ispublic: [34m1[39m,
                       isfriend: [34m0[39m,
                       isfamily: [34m0[39m },
                     { id: [32m'5414218299'[39m,
                       owner: [32m'50958844@N02'[39m,
                       secret: [32m'c0c3199c61'[39m,
                       server: [32m'5300'[39m,
                       farm: [34m6[39m,
                       title: [32m''[39m,
                       ispublic: [34m1[39m,
                       isfriend: [34m0[39m,
                       isfamily: [34m0[39m },
                     { id: [32m'5414216949'[39m,
                       owner: [32m'50958844@N02'[39m,
                       secret: [32m'a8364e0409'[39m,
                       server: [32m'5251'[39m,
                       farm: [34m6[39m,
                       title: [32m''[39m,
                       ispublic: [34m1[39m,
                       isfriend: [34m0[39m,
                       isfamily: [34m0[39m },
                     { id: [32m'5414836910'[39m,
                       owner: [32m'50958844@N02'[39m,
                       secret: [32m'd0b707d0bb'[39m,
                       server: [32m'4078'[39m,
                       farm: [34m5[39m,
                       title: [32m''[39m,
                       ispublic: [34m1[39m,
                       isfriend: [34m0[39m,
                       isfamily: [34m0[39m },
                     { id: [32m'5414212095'[39m,
                       owner: [32m'50958844@N02'[39m,
                       secret: [32m'157e94d670'[39m,
                       server: [32m'4149'[39m,
                       farm: [34m5[39m,
                       title: [32m''[39m,
                       ispublic: [34m1[39m,
                       isfriend: [34m0[39m,
                       isfamily: [34m0[39m },
                     { id: [32m'5414226505'[39m,
                       owner: [32m'50958844@N02'[39m,
                       secret: [32m'c4e3f0ec41'[39m,
                       server: [32m'4151'[39m,
                       farm: [34m5[39m,
                       title: [32m''[39m,
                       ispublic: [34m1[39m,
                       isfriend: [34m0[39m,
                       isfamily: [34m0[39m },
                     { id: [32m'5414215945'[39m,
                       owner: [32m'50958844@N02'[39m,
                       secret: [32m'473c3b83da'[39m,
                       server: [32m'5300'[39m,
                       farm: [34m6[39m,
                       title: [32m''[39m,
                       ispublic: [34m1[39m,
                       isfriend: [34m0[39m,
                       isfamily: [34m0[39m },
                     { id: [32m'5414835986'[39m,
                       owner: [32m'50958844@N02'[39m,
                       secret: [32m'b47cd016b0'[39m,
                       server: [32m'5252'[39m,
                       farm: [34m6[39m,
                       title: [32m''[39m,
                       ispublic: [34m1[39m,
                       isfriend: [34m0[39m,
                       isfamily: [34m0[39m },
                     { id: [32m'5414213397'[39m,
                       owner: [32m'50958844@N02'[39m,
                       secret: [32m'1c1211ceb1'[39m,
                       server: [32m'5298'[39m,
                       farm: [34m6[39m,
                       title: [32m''[39m,
                       ispublic: [34m1[39m,
                       isfriend: [34m0[39m,
                       isfamily: [34m0[39m },
                     { id: [32m'5414833882'[39m,
                       owner: [32m'50958844@N02'[39m,
                       secret: [32m'7591c87d4b'[39m,
                       server: [32m'4142'[39m,
                       farm: [34m5[39m,
                       title: [32m''[39m,
                       ispublic: [34m1[39m,
                       isfriend: [34m0[39m,
                       isfamily: [34m0[39m },
                     { id: [32m'5414821194'[39m,
                       owner: [32m'50958844@N02'[39m,
                       secret: [32m'b4382b0fe6'[39m,
                       server: [32m'4147'[39m,
                       farm: [34m5[39m,
                       title: [32m''[39m,
                       ispublic: [34m1[39m,
                       isfriend: [34m0[39m,
                       isfamily: [34m0[39m },
                     { id: [32m'5414220971'[39m,
                       owner: [32m'50958844@N02'[39m,
                       secret: [32m'9284412e8d'[39m,
                       server: [32m'5014'[39m,
                       farm: [34m6[39m,
                       title: [32m''[39m,
                       ispublic: [34m1[39m,
                       isfriend: [34m0[39m,
                       isfamily: [34m0[39m },
                     { id: [32m'5414816992'[39m,
                       owner: [32m'50958844@N02'[39m,
                       secret: [32m'1503a5eaef'[39m,
                       server: [32m'5220'[39m,
                       farm: [34m6[39m,
                       title: [32m''[39m,
                       ispublic: [34m1[39m,
                       isfriend: [34m0[39m,
                       isfamily: [34m0[39m },
                     { id: [32m'5414813906'[39m,
                       owner: [32m'50958844@N02'[39m,
                       secret: [32m'0c4007299d'[39m,
                       server: [32m'4152'[39m,
                       farm: [34m5[39m,
                       title: [32m''[39m,
                       ispublic: [34m1[39m,
                       isfriend: [34m0[39m,
                       isfamily: [34m0[39m },
                     { id: [32m'5414811288'[39m,
                       owner: [32m'50958844@N02'[39m,
                       secret: [32m'a861dbf2b3'[39m,
                       server: [32m'4143'[39m,
                       farm: [34m5[39m,
                       title: [32m''[39m,
                       ispublic: [34m1[39m,
                       isfriend: [34m0[39m,
                       isfamily: [34m0[39m },
                     { id: [32m'5414806352'[39m,
                       owner: [32m'50958844@N02'[39m,
                       secret: [32m'e2db62fe7a'[39m,
                       server: [32m'5220'[39m,
                       farm: [34m6[39m,
                       title: [32m''[39m,
                       ispublic: [34m1[39m,
                       isfriend: [34m0[39m,
                       isfamily: [34m0[39m },
                     { id: [32m'5414200673'[39m,
                       owner: [32m'50958844@N02'[39m,
                       secret: [32m'bdec41c244'[39m,
                       server: [32m'5219'[39m,
                       farm: [34m6[39m,
                       title: [32m''[39m,
                       ispublic: [34m1[39m,
                       isfriend: [34m0[39m,
                       isfamily: [34m0[39m },
                     { id: [32m'5414810074'[39m,
                       owner: [32m'50958844@N02'[39m,
                       secret: [32m'2c4e996ae2'[39m,
                       server: [32m'5018'[39m,
                       farm: [34m6[39m,
                       title: [32m''[39m,
                       ispublic: [34m1[39m,
                       isfriend: [34m0[39m,
                       isfamily: [34m0[39m },
                     { id: [32m'5414801846'[39m,
                       owner: [32m'50958844@N02'[39m,
                       secret: [32m'ab968856be'[39m,
                       server: [32m'4145'[39m,
                       farm: [34m5[39m,
                       title: [32m''[39m,
                       ispublic: [34m1[39m,
                       isfriend: [34m0[39m,
                       isfamily: [34m0[39m },
                     { id: [32m'5414819836'[39m,
                       owner: [32m'50958844@N02'[39m,
                       secret: [32m'9036e32f0c'[39m,
                       server: [32m'5020'[39m,
                       farm: [34m6[39m,
                       title: [32m''[39m,
                       ispublic: [34m1[39m,
                       isfriend: [34m0[39m,
                       isfamily: [34m0[39m },
                     { id: [32m'5414191813'[39m,
                       owner: [32m'50958844@N02'[39m,
                       secret: [32m'602f7e6c75'[39m,
                       server: [32m'4151'[39m,
                       farm: [34m5[39m,
                       title: [32m''[39m,
                       ispublic: [34m1[39m,
                       isfriend: [34m0[39m,
                       isfamily: [34m0[39m },
                     { id: [32m'5414818382'[39m,
                       owner: [32m'50958844@N02'[39m,
                       secret: [32m'0e0a09b616'[39m,
                       server: [32m'5097'[39m,
                       farm: [34m6[39m,
                       title: [32m''[39m,
                       ispublic: [34m1[39m,
                       isfriend: [34m0[39m,
                       isfamily: [34m0[39m },
                     { id: [32m'5414808614'[39m,
                       owner: [32m'50958844@N02'[39m,
                       secret: [32m'8c51024a4c'[39m,
                       server: [32m'5298'[39m,
                       farm: [34m6[39m,
                       title: [32m''[39m,
                       ispublic: [34m1[39m,
                       isfriend: [34m0[39m,
                       isfamily: [34m0[39m },
                     { id: [32m'5414203715'[39m,
                       owner: [32m'50958844@N02'[39m,
                       secret: [32m'0f700105e6'[39m,
                       server: [32m'5252'[39m,
                       farm: [34m6[39m,
                       title: [32m''[39m,
                       ispublic: [34m1[39m,
                       isfriend: [34m0[39m,
                       isfamily: [34m0[39m },
                     { id: [32m'5414807296'[39m,
                       owner: [32m'50958844@N02'[39m,
                       secret: [32m'7ca0b32c6a'[39m,
                       server: [32m'5092'[39m,
                       farm: [34m6[39m,
                       title: [32m''[39m,
                       ispublic: [34m1[39m,
                       isfriend: [34m0[39m,
                       isfamily: [34m0[39m },
                     { id: [32m'5414804842'[39m,
                       owner: [32m'50958844@N02'[39m,
                       secret: [32m'2f0186a891'[39m,
                       server: [32m'4153'[39m,
                       farm: [34m5[39m,
                       title: [32m''[39m,
                       ispublic: [34m1[39m,
                       isfriend: [34m0[39m,
                       isfamily: [34m0[39m },
                     { id: [32m'5414181503'[39m,
                       owner: [32m'50958844@N02'[39m,
                       secret: [32m'a2bfe9f8c1'[39m,
                       server: [32m'5179'[39m,
                       farm: [34m6[39m,
                       title: [32m''[39m,
                       ispublic: [34m1[39m,
                       isfriend: [34m0[39m,
                       isfamily: [34m0[39m },
                     { id: [32m'5414184835'[39m,
                       owner: [32m'50958844@N02'[39m,
                       secret: [32m'7442f10f4a'[39m,
                       server: [32m'5260'[39m,
                       farm: [34m6[39m,
                       title: [32m''[39m,
                       ispublic: [34m1[39m,
                       isfriend: [34m0[39m,
                       isfamily: [34m0[39m },
                     { id: [32m'5414790302'[39m,
                       owner: [32m'50958844@N02'[39m,
                       secret: [32m'68485aac1f'[39m,
                       server: [32m'5014'[39m,
                       farm: [34m6[39m,
                       title: [32m''[39m,
                       ispublic: [34m1[39m,
                       isfriend: [34m0[39m,
                       isfamily: [34m0[39m },
                     { id: [32m'5414174867'[39m,
                       owner: [32m'50958844@N02'[39m,
                       secret: [32m'b55e407b97'[39m,
                       server: [32m'5218'[39m,
                       farm: [34m6[39m,
                       title: [32m''[39m,
                       ispublic: [34m1[39m,
                       isfriend: [34m0[39m,
                       isfamily: [34m0[39m },
                     { id: [32m'5414787596'[39m,
                       owner: [32m'50958844@N02'[39m,
                       secret: [32m'537a9ce9ac'[39m,
                       server: [32m'5092'[39m,
                       farm: [34m6[39m,
                       title: [32m't'[39m,
                       ispublic: [34m1[39m,
                       isfriend: [34m0[39m,
                       isfamily: [34m0[39m },
                     { id: [32m'5414186523'[39m,
                       owner: [32m'50958844@N02'[39m,
                       secret: [32m'8f844a8e0d'[39m,
                       server: [32m'5258'[39m,
                       farm: [34m6[39m,
                       title: [32m''[39m,
                       ispublic: [34m1[39m,
                       isfriend: [34m0[39m,
                       isfamily: [34m0[39m },
                     { id: [32m'5414791722'[39m,
                       owner: [32m'50958844@N02'[39m,
                       secret: [32m'23d1bc842f'[39m,
                       server: [32m'4115'[39m,
                       farm: [34m5[39m,
                       title: [32m''[39m,
                       ispublic: [34m1[39m,
                       isfriend: [34m0[39m,
                       isfamily: [34m0[39m },
                     { id: [32m'5414177175'[39m,
                       owner: [32m'50958844@N02'[39m,
                       secret: [32m'4e846d13a7'[39m,
                       server: [32m'5292'[39m,
                       farm: [34m6[39m,
                       title: [32m''[39m,
                       ispublic: [34m1[39m,
                       isfriend: [34m0[39m,
                       isfamily: [34m0[39m },
                     { id: [32m'5414794554'[39m,
                       owner: [32m'50958844@N02'[39m,
                       secret: [32m'e8722c4859'[39m,
                       server: [32m'5014'[39m,
                       farm: [34m6[39m,
                       title: [32m''[39m,
                       ispublic: [34m1[39m,
                       isfriend: [34m0[39m,
                       isfamily: [34m0[39m },
                     { id: [32m'5414799908'[39m,
                       owner: [32m'50958844@N02'[39m,
                       secret: [32m'ea1c926016'[39m,
                       server: [32m'4118'[39m,
                       farm: [34m5[39m,
                       title: [32m''[39m,
                       ispublic: [34m1[39m,
                       isfriend: [34m0[39m,
                       isfamily: [34m0[39m },
                     { id: [32m'5414785874'[39m,
                       owner: [32m'50958844@N02'[39m,
                       secret: [32m'9b3cc3420d'[39m,
                       server: [32m'4110'[39m,
                       farm: [34m5[39m,
                       title: [32m''[39m,
                       ispublic: [34m1[39m,
                       isfriend: [34m0[39m,
                       isfamily: [34m0[39m },
                     { id: [32m'5414784510'[39m,
                       owner: [32m'50958844@N02'[39m,
                       secret: [32m'd5207ea9a7'[39m,
                       server: [32m'5254'[39m,
                       farm: [34m6[39m,
                       title: [32m''[39m,
                       ispublic: [34m1[39m,
                       isfriend: [34m0[39m,
                       isfamily: [34m0[39m },
                     { id: [32m'5414158731'[39m,
                       owner: [32m'50958844@N02'[39m,
                       secret: [32m'5aa1580fee'[39m,
                       server: [32m'5054'[39m,
                       farm: [34m6[39m,
                       title: [32m''[39m,
                       ispublic: [34m1[39m,
                       isfriend: [34m0[39m,
                       isfamily: [34m0[39m },
                     { id: [32m'5414781568'[39m,
                       owner: [32m'50958844@N02'[39m,
                       secret: [32m'88f8846d13'[39m,
                       server: [32m'5100'[39m,
                       farm: [34m6[39m,
                       title: [32m''[39m,
                       ispublic: [34m1[39m,
                       isfriend: [34m0[39m,
                       isfamily: [34m0[39m },
                     { id: [32m'5414779730'[39m,
                       owner: [32m'50958844@N02'[39m,
                       secret: [32m'b423a1f496'[39m,
                       server: [32m'5212'[39m,
                       farm: [34m6[39m,
                       title: [32m''[39m,
                       ispublic: [34m1[39m,
                       isfriend: [34m0[39m,
                       isfamily: [34m0[39m },
                     { id: [32m'5414766154'[39m,
                       owner: [32m'50958844@N02'[39m,
                       secret: [32m'2a974397fe'[39m,
                       server: [32m'5060'[39m,
                       farm: [34m6[39m,
                       title: [32m''[39m,
                       ispublic: [34m1[39m,
                       isfriend: [34m0[39m,
                       isfamily: [34m0[39m },
                     { id: [32m'5414765020'[39m,
                       owner: [32m'50958844@N02'[39m,
                       secret: [32m'6c365b1c2e'[39m,
                       server: [32m'4101'[39m,
                       farm: [34m5[39m,
                       title: [32m''[39m,
                       ispublic: [34m1[39m,
                       isfriend: [34m0[39m,
                       isfamily: [34m0[39m },
                     { id: [32m'5414783044'[39m,
                       owner: [32m'50958844@N02'[39m,
                       secret: [32m'f37c9a860b'[39m,
                       server: [32m'5054'[39m,
                       farm: [34m6[39m,
                       title: [32m''[39m,
                       ispublic: [34m1[39m,
                       isfriend: [34m0[39m,
                       isfamily: [34m0[39m },
                     { id: [32m'5414155729'[39m,
                       owner: [32m'50958844@N02'[39m,
                       secret: [32m'4374300f94'[39m,
                       server: [32m'5294'[39m,
                       farm: [34m6[39m,
                       title: [32m''[39m,
                       ispublic: [34m1[39m,
                       isfriend: [34m0[39m,
                       isfamily: [34m0[39m },
                     { id: [32m'5414772168'[39m,
                       owner: [32m'50958844@N02'[39m,
                       secret: [32m'2e47ebfd1d'[39m,
                       server: [32m'5216'[39m,
                       farm: [34m6[39m,
                       title: [32m''[39m,
                       ispublic: [34m1[39m,
                       isfriend: [34m0[39m,
                       isfamily: [34m0[39m },
                     { id: [32m'5414157277'[39m,
                       owner: [32m'50958844@N02'[39m,
                       secret: [32m'3ec5dbcaa4'[39m,
                       server: [32m'4081'[39m,
                       farm: [34m5[39m,
                       title: [32m''[39m,
                       ispublic: [34m1[39m,
                       isfriend: [34m0[39m,
                       isfamily: [34m0[39m },
                     { id: [32m'5414165105'[39m,
                       owner: [32m'50958844@N02'[39m,
                       secret: [32m'54dfa30928'[39m,
                       server: [32m'4082'[39m,
                       farm: [34m5[39m,
                       title: [32m''[39m,
                       ispublic: [34m1[39m,
                       isfriend: [34m0[39m,
                       isfamily: [34m0[39m },
                     { id: [32m'5414168811'[39m,
                       owner: [32m'50958844@N02'[39m,
                       secret: [32m'790be0e3ae'[39m,
                       server: [32m'4075'[39m,
                       farm: [34m5[39m,
                       title: [32m''[39m,
                       ispublic: [34m1[39m,
                       isfriend: [34m0[39m,
                       isfamily: [34m0[39m },
                     { id: [32m'5414773726'[39m,
                       owner: [32m'50958844@N02'[39m,
                       secret: [32m'6b95c5078c'[39m,
                       server: [32m'4108'[39m,
                       farm: [34m5[39m,
                       title: [32m''[39m,
                       ispublic: [34m1[39m,
                       isfriend: [34m0[39m,
                       isfamily: [34m0[39m },
                     { id: [32m'5414778400'[39m,
                       owner: [32m'50958844@N02'[39m,
                       secret: [32m'a3fd7d1be7'[39m,
                       server: [32m'5300'[39m,
                       farm: [34m6[39m,
                       title: [32m''[39m,
                       ispublic: [34m1[39m,
                       isfriend: [34m0[39m,
                       isfamily: [34m0[39m },
                     { id: [32m'5414163509'[39m,
                       owner: [32m'50958844@N02'[39m,
                       secret: [32m'0990280675'[39m,
                       server: [32m'5100'[39m,
                       farm: [34m6[39m,
                       title: [32m''[39m,
                       ispublic: [34m1[39m,
                       isfriend: [34m0[39m,
                       isfamily: [34m0[39m },
                     { id: [32m'5414567444'[39m,
                       owner: [32m'90336485@N00'[39m,
                       secret: [32m'a4b033ff7a'[39m,
                       server: [32m'4131'[39m,
                       farm: [34m5[39m,
                       title: [32m'Badger'[39m,
                       ispublic: [34m1[39m,
                       isfriend: [34m0[39m,
                       isfamily: [34m0[39m },
                     { id: [32m'5414567066'[39m,
                       owner: [32m'90336485@N00'[39m,
                       secret: [32m'd4e89b205f'[39m,
                       server: [32m'5216'[39m,
                       farm: [34m6[39m,
                       title: [32m'Badger'[39m,
                       ispublic: [34m1[39m,
                       isfriend: [34m0[39m,
                       isfamily: [34m0[39m },
                     { id: [32m'5414425202'[39m,
                       owner: [32m'33720716@N05'[39m,
                       secret: [32m'09a8b8462f'[39m,
                       server: [32m'5258'[39m,
                       farm: [34m6[39m,
                       title: [32m'BDGR'[39m,
                       ispublic: [34m1[39m,
                       isfriend: [34m0[39m,
                       isfamily: [34m0[39m },
                     { id: [32m'5411510447'[39m,
                       owner: [32m'36611672@N03'[39m,
                       secret: [32m'8cd2d3b900'[39m,
                       server: [32m'5178'[39m,
                       farm: [34m6[39m,
                       title: [32m'Badger Portrait'[39m,
                       ispublic: [34m1[39m,
                       isfriend: [34m0[39m,
                       isfamily: [34m0[39m },
                     { id: [32m'5410972431'[39m,
                       owner: [32m'42293105@N05'[39m,
                       secret: [32m'c020ec0551'[39m,
                       server: [32m'5300'[39m,
                       farm: [34m6[39m,
                       title: [32m'Pretty Little Sow'[39m,
                       ispublic: [34m1[39m,
                       isfriend: [34m0[39m,
                       isfamily: [34m0[39m },
                     { id: [32m'5411380966'[39m,
                       owner: [32m'42293105@N05'[39m,
                       secret: [32m'b9dab6799d'[39m,
                       server: [32m'5219'[39m,
                       farm: [34m6[39m,
                       title: [32m'IMG_6573 My Beautiful Baby'[39m,
                       ispublic: [34m1[39m,
                       isfriend: [34m0[39m,
                       isfamily: [34m0[39m },
                     { id: [32m'5410968986'[39m,
                       owner: [32m'33553539@N05'[39m,
                       secret: [32m'18708478a3'[39m,
                       server: [32m'4078'[39m,
                       farm: [34m5[39m,
                       title: [32m'Horny Mood'[39m,
                       ispublic: [34m1[39m,
                       isfriend: [34m0[39m,
                       isfamily: [34m0[39m },
                     { id: [32m'5410289310'[39m,
                       owner: [32m'12422964@N06'[39m,
                       secret: [32m'383e4d9646'[39m,
                       server: [32m'4131'[39m,
                       farm: [34m5[39m,
                       title: [32m'Captive Chains'[39m,
                       ispublic: [34m1[39m,
                       isfriend: [34m0[39m,
                       isfamily: [34m0[39m },
                     { id: [32m'5408511971'[39m,
                       owner: [32m'94231774@N00'[39m,
                       secret: [32m'683963d544'[39m,
                       server: [32m'5051'[39m,
                       farm: [34m6[39m,
                       title: [32m''[39m,
                       ispublic: [34m1[39m,
                       isfriend: [34m0[39m,
                       isfamily: [34m0[39m },
                     { id: [32m'5409121126'[39m,
                       owner: [32m'94231774@N00'[39m,
                       secret: [32m'417b8123d8'[39m,
                       server: [32m'5053'[39m,
                       farm: [34m6[39m,
                       title: [32m''[39m,
                       ispublic: [34m1[39m,
                       isfriend: [34m0[39m,
                       isfamily: [34m0[39m },
                     { id: [32m'5408371391'[39m,
                       owner: [32m'33553539@N05'[39m,
                       secret: [32m'7c594dd1ce'[39m,
                       server: [32m'5300'[39m,
                       farm: [34m6[39m,
                       title: [32m'Snout'[39m,
                       ispublic: [34m1[39m,
                       isfriend: [34m0[39m,
                       isfamily: [34m0[39m },
                     { id: [32m'5408374829'[39m,
                       owner: [32m'33553539@N05'[39m,
                       secret: [32m'e4876748bf'[39m,
                       server: [32m'5053'[39m,
                       farm: [34m6[39m,
                       title: [32m'Watching The Waves'[39m,
                       ispublic: [34m1[39m,
                       isfriend: [34m0[39m,
                       isfamily: [34m0[39m },
                     { id: [32m'5408354969'[39m,
                       owner: [32m'33553539@N05'[39m,
                       secret: [32m'1463f97413'[39m,
                       server: [32m'5140'[39m,
                       farm: [34m6[39m,
                       title: [32m'A Lonely Buoy'[39m,
                       ispublic: [34m1[39m,
                       isfriend: [34m0[39m,
                       isfamily: [34m0[39m },
                     { id: [32m'5408968364'[39m,
                       owner: [32m'33553539@N05'[39m,
                       secret: [32m'72993218f3'[39m,
                       server: [32m'5060'[39m,
                       farm: [34m6[39m,
                       title: [32m'Nash Point'[39m,
                       ispublic: [34m1[39m,
                       isfriend: [34m0[39m,
                       isfamily: [34m0[39m },
                     { id: [32m'5408345963'[39m,
                       owner: [32m'33553539@N05'[39m,
                       secret: [32m'bedc4f089d'[39m,
                       server: [32m'5219'[39m,
                       farm: [34m6[39m,
                       title: [32m'Guiding Light'[39m,
                       ispublic: [34m1[39m,
                       isfriend: [34m0[39m,
                       isfamily: [34m0[39m },
                     { id: [32m'5408958286'[39m,
                       owner: [32m'33553539@N05'[39m,
                       secret: [32m'57fbd2a3ce'[39m,
                       server: [32m'5052'[39m,
                       farm: [34m6[39m,
                       title: [32m'Venus In Furs'[39m,
                       ispublic: [34m1[39m,
                       isfriend: [34m0[39m,
                       isfamily: [34m0[39m },
                     { id: [32m'5408353015'[39m,
                       owner: [32m'33553539@N05'[39m,
                       secret: [32m'd698bef76c'[39m,
                       server: [32m'5178'[39m,
                       farm: [34m6[39m,
                       title: [32m'The Descent'[39m,
                       ispublic: [34m1[39m,
                       isfriend: [34m0[39m,
                       isfamily: [34m0[39m } ] }
